\BOOKMARK [1][-]{section.1}{\376\377\000U\000n\000\040\000p\000o\000c\000o\000\040\000d\000e\000\040\000h\000i\000s\000t\000o\000r\000i\000a}{}% 1
\BOOKMARK [2][-]{subsection.1.1}{\376\377\000M\000\341\000q\000u\000i\000n\000a\000\040\000d\000e\000\040\000T\000u\000r\000i\000n\000g}{section.1}% 2
\BOOKMARK [2][-]{subsection.1.2}{\376\377\000M\000o\000d\000e\000l\000o\000\040\000d\000e\000\040\000V\000o\000n\000\040\000N\000e\000u\000m\000a\000n\000n}{section.1}% 3
\BOOKMARK [2][-]{subsection.1.3}{\376\377\000M\000o\000d\000e\000l\000o\000\040\000d\000e\000\040\000H\000a\000r\000d\000v\000a\000r\000d}{section.1}% 4
\BOOKMARK [2][-]{subsection.1.4}{\376\377\000C\000o\000m\000p\000u\000t\000a\000d\000o\000r\000a\000s\000\040\000d\000e\000\040\0002\000d\000a\000\040\000G\000e\000n\000e\000r\000a\000c\000i\000\363\000n}{section.1}% 5
\BOOKMARK [2][-]{subsection.1.5}{\376\377\0003\000e\000r\000a\000\040\000g\000e\000n\000e\000r\000a\000c\000i\000\363\000n}{section.1}% 6
\BOOKMARK [2][-]{subsection.1.6}{\376\377\000P\000r\000o\000b\000l\000e\000m\000a\000s\000\040\000a\000\040\000r\000e\000s\000o\000l\000v\000e\000r}{section.1}% 7
\BOOKMARK [2][-]{subsection.1.7}{\376\377\000L\000a\000\040\000e\000r\000a\000\040\000d\000e\000l\000\040\000s\000i\000l\000i\000c\000i\000o}{section.1}% 8
\BOOKMARK [2][-]{subsection.1.8}{\376\377\000N\000u\000e\000v\000o\000\040\000p\000a\000r\000a\000d\000i\000g\000m\000a\000\040\000d\000e\000\040\000a\000r\000q\000u\000i\000t\000e\000c\000t\000u\000r\000a\000:\000\040\000R\000I\000S\000C}{section.1}% 9
\BOOKMARK [2][-]{subsection.1.9}{\376\377\000R\000e\000s\000u\000m\000e\000n\000\040\000d\000e\000l\000\040\000c\000a\000p\000\355\000t\000u\000l\000o}{section.1}% 10
\BOOKMARK [3][-]{subsubsection.1.9.1}{\376\377\000A\000r\000q\000u\000i\000t\000e\000c\000t\000u\000r\000a\000\040\000H\000a\000r\000v\000a\000r\000d}{subsection.1.9}% 11
\BOOKMARK [3][-]{subsubsection.1.9.2}{\376\377\000A\000r\000q\000u\000i\000t\000e\000c\000t\000u\000r\000a\000\040\000V\000o\000n\000\040\000N\000e\000u\000m\000a\000n\000n}{subsection.1.9}% 12
\BOOKMARK [1][-]{section.2}{\376\377\000A\000r\000q\000u\000i\000t\000e\000c\000u\000r\000a\000\040\000v\000s\000.\000\040\000M\000i\000c\000r\000o\000a\000r\000q\000u\000i\000t\000e\000c\000t\000u\000r\000a}{}% 13
\BOOKMARK [2][-]{subsection.2.1}{\376\377\000A\000r\000q\000u\000i\000t\000e\000c\000t\000u\000r\000a}{section.2}% 14
\BOOKMARK [2][-]{subsection.2.2}{\376\377\000M\000i\000c\000r\000o\000a\000r\000q\000u\000i\000t\000e\000c\000t\000u\000r\000a}{section.2}% 15
\BOOKMARK [2][-]{subsection.2.3}{\376\377\000I\000S\000A}{section.2}% 16
\BOOKMARK [2][-]{subsection.2.4}{\376\377\000O\000r\000g\000a\000n\000i\000z\000a\000c\000i\000\363\000n}{section.2}% 17
\BOOKMARK [2][-]{subsection.2.5}{\376\377\000H\000a\000r\000d\000w\000a\000r\000e}{section.2}% 18
\BOOKMARK [1][-]{section.3}{\376\377\000I\000m\000p\000l\000e\000m\000e\000n\000t\000a\000n\000d\000o\000\040\000l\000a\000\040\000a\000r\000q\000u\000i\000t\000e\000c\000t\000u\000r\000a}{}% 19
\BOOKMARK [2][-]{subsection.3.1}{\376\377\000E\000l\000\040\000p\000r\000o\000c\000e\000s\000a\000d\000o\000r}{section.3}% 20
\BOOKMARK [2][-]{subsection.3.2}{\376\377\000I\000m\000p\000l\000e\000m\000e\000n\000t\000a\000c\000i\000\363\000n\000\040\000d\000e\000l\000\040\000p\000r\000o\000c\000e\000s\000a\000d\000o\000r}{section.3}% 21
\BOOKMARK [3][-]{subsubsection.3.2.1}{\376\377\000E\000l\000\040\000d\000a\000t\000a\000p\000a\000t\000h\000,\000\040\000l\000a\000s\000\040\000u\000n\000i\000d\000a\000d\000e\000s\000\040\000d\000e\000\040\000c\000o\000n\000t\000r\000o\000l\000\040\000y\000\040\000e\000l\000\040\000c\000o\000n\000t\000r\000o\000l}{subsection.3.2}% 22
\BOOKMARK [3][-]{subsubsection.3.2.2}{\376\377\000E\000l\000\040\000r\000e\000g\000i\000s\000t\000e\000r\000\040\000f\000i\000l\000e}{subsection.3.2}% 23
\BOOKMARK [2][-]{subsection.3.3}{\376\377\000P\000i\000p\000e\000l\000i\000n\000e}{section.3}% 24
\BOOKMARK [2][-]{subsection.3.4}{\376\377\000O\000b\000s\000t\000\341\000c\000u\000l\000o\000s\000\040\000e\000s\000t\000r\000u\000c\000t\000u\000r\000a\000l\000e\000s\000\040\000d\000e\000\040\000u\000n\000\040\000p\000i\000p\000e\000l\000i\000n\000e}{section.3}% 25
\BOOKMARK [3][-]{subsubsection.3.4.1}{\376\377\000O\000b\000s\000t\000\341\000c\000u\000l\000o\000s\000\040\000d\000e\000\040\000d\000a\000t\000o\000s}{subsection.3.4}% 26
\BOOKMARK [3][-]{subsubsection.3.4.2}{\376\377\000O\000b\000s\000t\000\341\000c\000u\000l\000o\000s\000\040\000d\000e\000\040\000c\000o\000n\000t\000r\000o\000l}{subsection.3.4}% 27
\BOOKMARK [2][-]{subsection.3.5}{\376\377\000L\000a\000\040\000b\000e\000n\000d\000i\000t\000a\000\040\000m\000e\000m\000o\000r\000i\000a}{section.3}% 28
